find_header: checking for prism.h in /Users/daniil/Documents/others/daniil/webcv/daniil-melnichenko.github.io/vendor/bundle/ruby/3.2.0/gems/prism-1.7.0/include... -------------------- yes

DYLD_FALLBACK_LIBRARY_PATH=.:/Users/daniil/miniconda3/envs/apple/lib "arm64-apple-darwin20.0.0-clang -o conftest -I/Users/daniil/miniconda3/envs/apple/include/ruby-3.2.0/arm64-darwin20 -I/Users/daniil/miniconda3/envs/apple/include/ruby-3.2.0/ruby/backward -I/Users/daniil/miniconda3/envs/apple/include/ruby-3.2.0 -I. -D_FORTIFY_SOURCE=2 -isystem /Users/daniil/miniconda3/envs/apple/include -mmacosx-version-min=11.0 -mmacosx-version-min=11.0 -D_XOPEN_SOURCE -D_DARWIN_C_SOURCE -D_DARWIN_UNLIMITED_SELECT -D_REENTRANT   -ftree-vectorize -fPIC -fstack-protector-strong -O2 -pipe -isystem /Users/daniil/miniconda3/envs/apple/include -fdebug-prefix-map=/Users/runner/miniforge3/conda-bld/ruby_1719561667373/work=/usr/local/src/conda/ruby-3.2.2 -fdebug-prefix-map=/Users/daniil/miniconda3/envs/apple=/usr/local/src/conda-prefix -fdeclspec -O3 -fno-fast-math -ggdb3 -Wall -Wextra -Wextra-tokens -Wdeprecated-declarations -Wdivision-by-zero -Wdiv-by-zero -Wimplicit-function-declaration -Wimplicit-int -Wmisleading-indentation -Wpointer-arith -Wshorten-64-to-32 -Wwrite-strings -Wold-style-definition -Wmissing-noreturn -Wno-cast-function-type -Wno-constant-logical-operand -Wno-long-long -Wno-missing-field-initializers -Wno-overlength-strings -Wno-parentheses-equality -Wno-self-assign -Wno-tautological-compare -Wno-unused-parameter -Wno-unused-value -Wunused-variable -Wundef -fno-common conftest.c  -L. -L/Users/daniil/miniconda3/envs/apple/lib -L. -Wl,-headerpad_max_install_names -Wl,-dead_strip_dylibs -Wl,-rpath,/Users/daniil/miniconda3/envs/apple/lib -L/Users/daniil/miniconda3/envs/apple/lib -fstack-protector-strong     -lruby.3.2  -lpthread  "
checked program was:
/* begin */
1: #include "ruby.h"
2: 
3: int main(int argc, char **argv)
4: {
5:   return !!argv[argc];
6: }
/* end */

DYLD_FALLBACK_LIBRARY_PATH=.:/Users/daniil/miniconda3/envs/apple/lib "arm64-apple-darwin20.0.0-clang -I/Users/daniil/miniconda3/envs/apple/include/ruby-3.2.0/arm64-darwin20 -I/Users/daniil/miniconda3/envs/apple/include/ruby-3.2.0/ruby/backward -I/Users/daniil/miniconda3/envs/apple/include/ruby-3.2.0 -I. -D_FORTIFY_SOURCE=2 -isystem /Users/daniil/miniconda3/envs/apple/include -mmacosx-version-min=11.0 -mmacosx-version-min=11.0 -D_XOPEN_SOURCE -D_DARWIN_C_SOURCE -D_DARWIN_UNLIMITED_SELECT -D_REENTRANT   -ftree-vectorize -fPIC -fstack-protector-strong -O2 -pipe -isystem /Users/daniil/miniconda3/envs/apple/include -fdebug-prefix-map=/Users/runner/miniforge3/conda-bld/ruby_1719561667373/work=/usr/local/src/conda/ruby-3.2.2 -fdebug-prefix-map=/Users/daniil/miniconda3/envs/apple=/usr/local/src/conda-prefix -fdeclspec -O3 -fno-fast-math -ggdb3 -Wall -Wextra -Wextra-tokens -Wdeprecated-declarations -Wdivision-by-zero -Wdiv-by-zero -Wimplicit-function-declaration -Wimplicit-int -Wmisleading-indentation -Wpointer-arith -Wshorten-64-to-32 -Wwrite-strings -Wold-style-definition -Wmissing-noreturn -Wno-cast-function-type -Wno-constant-logical-operand -Wno-long-long -Wno-missing-field-initializers -Wno-overlength-strings -Wno-parentheses-equality -Wno-self-assign -Wno-tautological-compare -Wno-unused-parameter -Wno-unused-value -Wunused-variable -Wundef -fno-common   -c conftest.c"
conftest.c:3:10: fatal error: 'prism.h' file not found
    3 | #include <prism.h>
      |          ^~~~~~~~~
1 error generated.
checked program was:
/* begin */
1: #include "ruby.h"
2: 
3: #include <prism.h>
/* end */

DYLD_FALLBACK_LIBRARY_PATH=.:/Users/daniil/miniconda3/envs/apple/lib "arm64-apple-darwin20.0.0-clang -I/Users/daniil/miniconda3/envs/apple/include/ruby-3.2.0/arm64-darwin20 -I/Users/daniil/miniconda3/envs/apple/include/ruby-3.2.0/ruby/backward -I/Users/daniil/miniconda3/envs/apple/include/ruby-3.2.0 -I. -D_FORTIFY_SOURCE=2 -isystem /Users/daniil/miniconda3/envs/apple/include -mmacosx-version-min=11.0 -mmacosx-version-min=11.0 -D_XOPEN_SOURCE -D_DARWIN_C_SOURCE -D_DARWIN_UNLIMITED_SELECT -D_REENTRANT   -ftree-vectorize -fPIC -fstack-protector-strong -O2 -pipe -isystem /Users/daniil/miniconda3/envs/apple/include -fdebug-prefix-map=/Users/runner/miniforge3/conda-bld/ruby_1719561667373/work=/usr/local/src/conda/ruby-3.2.2 -fdebug-prefix-map=/Users/daniil/miniconda3/envs/apple=/usr/local/src/conda-prefix -fdeclspec -O3 -fno-fast-math -ggdb3 -Wall -Wextra -Wextra-tokens -Wdeprecated-declarations -Wdivision-by-zero -Wdiv-by-zero -Wimplicit-function-declaration -Wimplicit-int -Wmisleading-indentation -Wpointer-arith -Wshorten-64-to-32 -Wwrite-strings -Wold-style-definition -Wmissing-noreturn -Wno-cast-function-type -Wno-constant-logical-operand -Wno-long-long -Wno-missing-field-initializers -Wno-overlength-strings -Wno-parentheses-equality -Wno-self-assign -Wno-tautological-compare -Wno-unused-parameter -Wno-unused-value -Wunused-variable -Wundef -fno-common  -I/Users/daniil/Documents/others/daniil/webcv/daniil-melnichenko.github.io/vendor/bundle/ruby/3.2.0/gems/prism-1.7.0/include -c conftest.c"
checked program was:
/* begin */
1: #include "ruby.h"
2: 
3: #include <prism.h>
/* end */

--------------------

find_header: checking for prism/extension.h in /Users/daniil/Documents/others/daniil/webcv/daniil-melnichenko.github.io/vendor/bundle/ruby/3.2.0/gems/prism-1.7.0/ext... -------------------- yes

DYLD_FALLBACK_LIBRARY_PATH=.:/Users/daniil/miniconda3/envs/apple/lib "arm64-apple-darwin20.0.0-clang -I/Users/daniil/miniconda3/envs/apple/include/ruby-3.2.0/arm64-darwin20 -I/Users/daniil/miniconda3/envs/apple/include/ruby-3.2.0/ruby/backward -I/Users/daniil/miniconda3/envs/apple/include/ruby-3.2.0 -I. -I/Users/daniil/Documents/others/daniil/webcv/daniil-melnichenko.github.io/vendor/bundle/ruby/3.2.0/gems/prism-1.7.0/include -D_FORTIFY_SOURCE=2 -isystem /Users/daniil/miniconda3/envs/apple/include -mmacosx-version-min=11.0 -mmacosx-version-min=11.0 -D_XOPEN_SOURCE -D_DARWIN_C_SOURCE -D_DARWIN_UNLIMITED_SELECT -D_REENTRANT   -ftree-vectorize -fPIC -fstack-protector-strong -O2 -pipe -isystem /Users/daniil/miniconda3/envs/apple/include -fdebug-prefix-map=/Users/runner/miniforge3/conda-bld/ruby_1719561667373/work=/usr/local/src/conda/ruby-3.2.2 -fdebug-prefix-map=/Users/daniil/miniconda3/envs/apple=/usr/local/src/conda-prefix -fdeclspec -O3 -fno-fast-math -ggdb3 -Wall -Wextra -Wextra-tokens -Wdeprecated-declarations -Wdivision-by-zero -Wdiv-by-zero -Wimplicit-function-declaration -Wimplicit-int -Wmisleading-indentation -Wpointer-arith -Wshorten-64-to-32 -Wwrite-strings -Wold-style-definition -Wmissing-noreturn -Wno-cast-function-type -Wno-constant-logical-operand -Wno-long-long -Wno-missing-field-initializers -Wno-overlength-strings -Wno-parentheses-equality -Wno-self-assign -Wno-tautological-compare -Wno-unused-parameter -Wno-unused-value -Wunused-variable -Wundef -fno-common   -c conftest.c"
conftest.c:3:10: fatal error: 'prism/extension.h' file not found
    3 | #include <prism/extension.h>
      |          ^~~~~~~~~~~~~~~~~~~
1 error generated.
checked program was:
/* begin */
1: #include "ruby.h"
2: 
3: #include <prism/extension.h>
/* end */

DYLD_FALLBACK_LIBRARY_PATH=.:/Users/daniil/miniconda3/envs/apple/lib "arm64-apple-darwin20.0.0-clang -I/Users/daniil/miniconda3/envs/apple/include/ruby-3.2.0/arm64-darwin20 -I/Users/daniil/miniconda3/envs/apple/include/ruby-3.2.0/ruby/backward -I/Users/daniil/miniconda3/envs/apple/include/ruby-3.2.0 -I. -I/Users/daniil/Documents/others/daniil/webcv/daniil-melnichenko.github.io/vendor/bundle/ruby/3.2.0/gems/prism-1.7.0/include -D_FORTIFY_SOURCE=2 -isystem /Users/daniil/miniconda3/envs/apple/include -mmacosx-version-min=11.0 -mmacosx-version-min=11.0 -D_XOPEN_SOURCE -D_DARWIN_C_SOURCE -D_DARWIN_UNLIMITED_SELECT -D_REENTRANT   -ftree-vectorize -fPIC -fstack-protector-strong -O2 -pipe -isystem /Users/daniil/miniconda3/envs/apple/include -fdebug-prefix-map=/Users/runner/miniforge3/conda-bld/ruby_1719561667373/work=/usr/local/src/conda/ruby-3.2.2 -fdebug-prefix-map=/Users/daniil/miniconda3/envs/apple=/usr/local/src/conda-prefix -fdeclspec -O3 -fno-fast-math -ggdb3 -Wall -Wextra -Wextra-tokens -Wdeprecated-declarations -Wdivision-by-zero -Wdiv-by-zero -Wimplicit-function-declaration -Wimplicit-int -Wmisleading-indentation -Wpointer-arith -Wshorten-64-to-32 -Wwrite-strings -Wold-style-definition -Wmissing-noreturn -Wno-cast-function-type -Wno-constant-logical-operand -Wno-long-long -Wno-missing-field-initializers -Wno-overlength-strings -Wno-parentheses-equality -Wno-self-assign -Wno-tautological-compare -Wno-unused-parameter -Wno-unused-value -Wunused-variable -Wundef -fno-common  -I/Users/daniil/Documents/others/daniil/webcv/daniil-melnichenko.github.io/vendor/bundle/ruby/3.2.0/gems/prism-1.7.0/ext -c conftest.c"
checked program was:
/* begin */
1: #include "ruby.h"
2: 
3: #include <prism/extension.h>
/* end */

--------------------

block in append_cflags: checking for whether -fvisibility=hidden is accepted as CFLAGS... -------------------- yes

DYLD_FALLBACK_LIBRARY_PATH=.:/Users/daniil/miniconda3/envs/apple/lib "arm64-apple-darwin20.0.0-clang -I/Users/daniil/miniconda3/envs/apple/include/ruby-3.2.0/arm64-darwin20 -I/Users/daniil/miniconda3/envs/apple/include/ruby-3.2.0/ruby/backward -I/Users/daniil/miniconda3/envs/apple/include/ruby-3.2.0 -I. -I/Users/daniil/Documents/others/daniil/webcv/daniil-melnichenko.github.io/vendor/bundle/ruby/3.2.0/gems/prism-1.7.0/include -I/Users/daniil/Documents/others/daniil/webcv/daniil-melnichenko.github.io/vendor/bundle/ruby/3.2.0/gems/prism-1.7.0/ext -D_FORTIFY_SOURCE=2 -isystem /Users/daniil/miniconda3/envs/apple/include -mmacosx-version-min=11.0 -mmacosx-version-min=11.0 -D_XOPEN_SOURCE -D_DARWIN_C_SOURCE -D_DARWIN_UNLIMITED_SELECT -D_REENTRANT   -ftree-vectorize -fPIC -fstack-protector-strong -O2 -pipe -isystem /Users/daniil/miniconda3/envs/apple/include -fdebug-prefix-map=/Users/runner/miniforge3/conda-bld/ruby_1719561667373/work=/usr/local/src/conda/ruby-3.2.2 -fdebug-prefix-map=/Users/daniil/miniconda3/envs/apple=/usr/local/src/conda-prefix -fdeclspec -O3 -fno-fast-math -ggdb3 -Wall -Wextra -Wextra-tokens -Wdeprecated-declarations -Wdivision-by-zero -Wdiv-by-zero -Wimplicit-function-declaration -Wimplicit-int -Wmisleading-indentation -Wpointer-arith -Wshorten-64-to-32 -Wwrite-strings -Wold-style-definition -Wmissing-noreturn -Wno-cast-function-type -Wno-constant-logical-operand -Wno-long-long -Wno-missing-field-initializers -Wno-overlength-strings -Wno-parentheses-equality -Wno-self-assign -Wno-tautological-compare -Wno-unused-parameter -Wno-unused-value -Wunused-variable -Wundef -fno-common  -fvisibility=hidden -Werror -c conftest.c"
checked program was:
/* begin */
1: #include "ruby.h"
2: 
3: int main(int argc, char **argv)
4: {
5:   return !!argv[argc];
6: }
/* end */

--------------------

